/home/drec0xy/Desktop/cap_stone_ws/install/base_model/lib/python3.10/site-packages/base_model/__init__.py
/home/drec0xy/Desktop/cap_stone_ws/install/base_model/lib/python3.10/site-packages/base_model/__pycache__/__init__.cpython-310.pyc
/home/drec0xy/Desktop/cap_stone_ws/install/base_model/share/ament_index/resource_index/packages/base_model
/home/drec0xy/Desktop/cap_stone_ws/install/base_model/share/base_model/package.xml
/home/drec0xy/Desktop/cap_stone_ws/install/base_model/share/base_model/online_async_launch.py
/home/drec0xy/Desktop/cap_stone_ws/install/base_model/share/base_model/mapping.launch.py
/home/drec0xy/Desktop/cap_stone_ws/install/base_model/share/base_model/launch_sim.launch.py
/home/drec0xy/Desktop/cap_stone_ws/install/base_model/share/base_model/navigation_launch.py
/home/drec0xy/Desktop/cap_stone_ws/install/base_model/share/base_model/rsp.launch.py
/home/drec0xy/Desktop/cap_stone_ws/install/base_model/share/base_model/launch.py
/home/drec0xy/Desktop/cap_stone_ws/install/base_model/share/base_model/joystick.launch.py
/home/drec0xy/Desktop/cap_stone_ws/install/base_model/share/base_model/robot_localization.launch.py
/home/drec0xy/Desktop/cap_stone_ws/install/base_model/share/base_model/slam_toolbox.launch.py
/home/drec0xy/Desktop/cap_stone_ws/install/base_model/share/base_model/localization_launch.py
/home/drec0xy/Desktop/cap_stone_ws/install/base_model/share/base_model/urdf/imu.xacro
/home/drec0xy/Desktop/cap_stone_ws/install/base_model/share/base_model/urdf/gazebo.xacro
/home/drec0xy/Desktop/cap_stone_ws/install/base_model/share/base_model/urdf/base_model.urdf.xacro
/home/drec0xy/Desktop/cap_stone_ws/install/base_model/share/base_model/urdf/materials.xacro
/home/drec0xy/Desktop/cap_stone_ws/install/base_model/share/base_model/urdf/gazebo_controle.xacro
/home/drec0xy/Desktop/cap_stone_ws/install/base_model/share/base_model/urdf/cameras.xacro
/home/drec0xy/Desktop/cap_stone_ws/install/base_model/share/base_model/urdf/ros2_control.xacro
/home/drec0xy/Desktop/cap_stone_ws/install/base_model/share/base_model/urdf/lidar.xacro
/home/drec0xy/Desktop/cap_stone_ws/install/base_model/share/base_model/rviz/
/home/drec0xy/Desktop/cap_stone_ws/install/base_model/share/base_model/meshes/collision/cam01.STL
/home/drec0xy/Desktop/cap_stone_ws/install/base_model/share/base_model/meshes/collision/chassisLit.STL
/home/drec0xy/Desktop/cap_stone_ws/install/base_model/share/base_model/meshes/collision/verin.STL
/home/drec0xy/Desktop/cap_stone_ws/install/base_model/share/base_model/meshes/collision/casterHolderLeft.STL
/home/drec0xy/Desktop/cap_stone_ws/install/base_model/share/base_model/meshes/collision/wheelLeft.STL
/home/drec0xy/Desktop/cap_stone_ws/install/base_model/share/base_model/meshes/collision/tower.STL
/home/drec0xy/Desktop/cap_stone_ws/install/base_model/share/base_model/meshes/collision/chassis.STL
/home/drec0xy/Desktop/cap_stone_ws/install/base_model/share/base_model/meshes/collision/lidar.STL
/home/drec0xy/Desktop/cap_stone_ws/install/base_model/share/base_model/meshes/collision/casterSupportLeft.STL
/home/drec0xy/Desktop/cap_stone_ws/install/base_model/share/base_model/meshes/collision/casterHolderRight.STL
/home/drec0xy/Desktop/cap_stone_ws/install/base_model/share/base_model/meshes/collision/tig02.STL
/home/drec0xy/Desktop/cap_stone_ws/install/base_model/share/base_model/meshes/collision/verin02.STL
/home/drec0xy/Desktop/cap_stone_ws/install/base_model/share/base_model/meshes/collision/tig01.STL
/home/drec0xy/Desktop/cap_stone_ws/install/base_model/share/base_model/meshes/collision/tyre_right.STL
/home/drec0xy/Desktop/cap_stone_ws/install/base_model/share/base_model/meshes/collision/shaftLeft.STL
/home/drec0xy/Desktop/cap_stone_ws/install/base_model/share/base_model/meshes/collision/casterSupportRight.STL
/home/drec0xy/Desktop/cap_stone_ws/install/base_model/share/base_model/meshes/collision/casterWheelRight.STL
/home/drec0xy/Desktop/cap_stone_ws/install/base_model/share/base_model/meshes/collision/blade02.STL
/home/drec0xy/Desktop/cap_stone_ws/install/base_model/share/base_model/meshes/collision/caterTyreLeft.STL
/home/drec0xy/Desktop/cap_stone_ws/install/base_model/share/base_model/meshes/collision/cam03.STL
/home/drec0xy/Desktop/cap_stone_ws/install/base_model/share/base_model/meshes/collision/wheelRight.STL
/home/drec0xy/Desktop/cap_stone_ws/install/base_model/share/base_model/meshes/collision/base_link.STL
/home/drec0xy/Desktop/cap_stone_ws/install/base_model/share/base_model/meshes/collision/cam02.STL
/home/drec0xy/Desktop/cap_stone_ws/install/base_model/share/base_model/meshes/collision/casterTyreRight.STL
/home/drec0xy/Desktop/cap_stone_ws/install/base_model/share/base_model/meshes/collision/tyreLeft.STL
/home/drec0xy/Desktop/cap_stone_ws/install/base_model/share/base_model/meshes/collision/blade01.STL
/home/drec0xy/Desktop/cap_stone_ws/install/base_model/share/base_model/meshes/collision/shaftRight.STL
/home/drec0xy/Desktop/cap_stone_ws/install/base_model/share/base_model/meshes/collision/cam04.STL
/home/drec0xy/Desktop/cap_stone_ws/install/base_model/share/base_model/meshes/collision/mowingDeck.STL
/home/drec0xy/Desktop/cap_stone_ws/install/base_model/share/base_model/meshes/collision/casterWheelLeft.STL
/home/drec0xy/Desktop/cap_stone_ws/install/base_model/share/base_model/meshes/collision/towerLid.STL
/home/drec0xy/Desktop/cap_stone_ws/install/base_model/share/base_model/meshes/visual/cam01.STL
/home/drec0xy/Desktop/cap_stone_ws/install/base_model/share/base_model/meshes/visual/chassisLit.STL
/home/drec0xy/Desktop/cap_stone_ws/install/base_model/share/base_model/meshes/visual/verin.STL
/home/drec0xy/Desktop/cap_stone_ws/install/base_model/share/base_model/meshes/visual/casterHolderLeft.STL
/home/drec0xy/Desktop/cap_stone_ws/install/base_model/share/base_model/meshes/visual/wheelLeft.STL
/home/drec0xy/Desktop/cap_stone_ws/install/base_model/share/base_model/meshes/visual/tower.STL
/home/drec0xy/Desktop/cap_stone_ws/install/base_model/share/base_model/meshes/visual/chassis.STL
/home/drec0xy/Desktop/cap_stone_ws/install/base_model/share/base_model/meshes/visual/lidar.STL
/home/drec0xy/Desktop/cap_stone_ws/install/base_model/share/base_model/meshes/visual/casterSupportLeft.STL
/home/drec0xy/Desktop/cap_stone_ws/install/base_model/share/base_model/meshes/visual/casterHolderRight.STL
/home/drec0xy/Desktop/cap_stone_ws/install/base_model/share/base_model/meshes/visual/tig02.STL
/home/drec0xy/Desktop/cap_stone_ws/install/base_model/share/base_model/meshes/visual/verin02.STL
/home/drec0xy/Desktop/cap_stone_ws/install/base_model/share/base_model/meshes/visual/tig01.STL
/home/drec0xy/Desktop/cap_stone_ws/install/base_model/share/base_model/meshes/visual/tyre_right.STL
/home/drec0xy/Desktop/cap_stone_ws/install/base_model/share/base_model/meshes/visual/shaftLeft.STL
/home/drec0xy/Desktop/cap_stone_ws/install/base_model/share/base_model/meshes/visual/casterSupportRight.STL
/home/drec0xy/Desktop/cap_stone_ws/install/base_model/share/base_model/meshes/visual/casterWheelRight.STL
/home/drec0xy/Desktop/cap_stone_ws/install/base_model/share/base_model/meshes/visual/blade02.STL
/home/drec0xy/Desktop/cap_stone_ws/install/base_model/share/base_model/meshes/visual/caterTyreLeft.STL
/home/drec0xy/Desktop/cap_stone_ws/install/base_model/share/base_model/meshes/visual/cam03.STL
/home/drec0xy/Desktop/cap_stone_ws/install/base_model/share/base_model/meshes/visual/wheelRight.STL
/home/drec0xy/Desktop/cap_stone_ws/install/base_model/share/base_model/meshes/visual/base_link.STL
/home/drec0xy/Desktop/cap_stone_ws/install/base_model/share/base_model/meshes/visual/cam02.STL
/home/drec0xy/Desktop/cap_stone_ws/install/base_model/share/base_model/meshes/visual/casterTyreRight.STL
/home/drec0xy/Desktop/cap_stone_ws/install/base_model/share/base_model/meshes/visual/tyreLeft.STL
/home/drec0xy/Desktop/cap_stone_ws/install/base_model/share/base_model/meshes/visual/blade01.STL
/home/drec0xy/Desktop/cap_stone_ws/install/base_model/share/base_model/meshes/visual/shaftRight.STL
/home/drec0xy/Desktop/cap_stone_ws/install/base_model/share/base_model/meshes/visual/cam04.STL
/home/drec0xy/Desktop/cap_stone_ws/install/base_model/share/base_model/meshes/visual/mowingDeck.STL
/home/drec0xy/Desktop/cap_stone_ws/install/base_model/share/base_model/meshes/visual/casterWheelLeft.STL
/home/drec0xy/Desktop/cap_stone_ws/install/base_model/share/base_model/meshes/visual/towerLid.STL
/home/drec0xy/Desktop/cap_stone_ws/install/base_model/share/base_model/config/ball_tracker_params_sim.yaml
/home/drec0xy/Desktop/cap_stone_ws/install/base_model/share/base_model/config/my_nav2_params.yaml
/home/drec0xy/Desktop/cap_stone_ws/install/base_model/share/base_model/config/joystick.yaml
/home/drec0xy/Desktop/cap_stone_ws/install/base_model/share/base_model/config/mapper_params_online_async.yaml
/home/drec0xy/Desktop/cap_stone_ws/install/base_model/share/base_model/config/twist_mux.yaml
/home/drec0xy/Desktop/cap_stone_ws/install/base_model/share/base_model/config/gaz_ros2_ctl_use_sim.yaml
/home/drec0xy/Desktop/cap_stone_ws/install/base_model/share/base_model/config/nav2_params.yaml
/home/drec0xy/Desktop/cap_stone_ws/install/base_model/share/base_model/config/gazebo_params.yaml
/home/drec0xy/Desktop/cap_stone_ws/install/base_model/share/base_model/config/ball_tracker_params_robot.yaml
/home/drec0xy/Desktop/cap_stone_ws/install/base_model/share/base_model/config/ekf.yaml
/home/drec0xy/Desktop/cap_stone_ws/install/base_model/share/base_model/config/empty.yaml
/home/drec0xy/Desktop/cap_stone_ws/install/base_model/share/base_model/config/my_controllers.yaml
/home/drec0xy/Desktop/cap_stone_ws/install/base_model/share/base_model/config/main.rviz
/home/drec0xy/Desktop/cap_stone_ws/install/base_model/share/base_model/config/map.rviz
/home/drec0xy/Desktop/cap_stone_ws/install/base_model/share/base_model/config/drive_bot.rviz
/home/drec0xy/Desktop/cap_stone_ws/install/base_model/share/base_model/config/slam_toolbox_default.rviz
/home/drec0xy/Desktop/cap_stone_ws/install/base_model/share/base_model/config/view_bot.rviz
/home/drec0xy/Desktop/cap_stone_ws/install/base_model/share/base_model/config/willabot_lds_2d.lua
/home/drec0xy/Desktop/cap_stone_ws/install/base_model/lib/python3.10/site-packages/base_model-0.0.0-py3.10.egg-info/entry_points.txt
/home/drec0xy/Desktop/cap_stone_ws/install/base_model/lib/python3.10/site-packages/base_model-0.0.0-py3.10.egg-info/dependency_links.txt
/home/drec0xy/Desktop/cap_stone_ws/install/base_model/lib/python3.10/site-packages/base_model-0.0.0-py3.10.egg-info/SOURCES.txt
/home/drec0xy/Desktop/cap_stone_ws/install/base_model/lib/python3.10/site-packages/base_model-0.0.0-py3.10.egg-info/top_level.txt
/home/drec0xy/Desktop/cap_stone_ws/install/base_model/lib/python3.10/site-packages/base_model-0.0.0-py3.10.egg-info/requires.txt
/home/drec0xy/Desktop/cap_stone_ws/install/base_model/lib/python3.10/site-packages/base_model-0.0.0-py3.10.egg-info/PKG-INFO
/home/drec0xy/Desktop/cap_stone_ws/install/base_model/lib/python3.10/site-packages/base_model-0.0.0-py3.10.egg-info/zip-safe
