[15.507s] DEBUG:colcon:Command line arguments: ['/usr/bin/colcon', 'build']
[15.508s] DEBUG:colcon:Parsed command line arguments: Namespace(log_base=None, log_level=None, verb_name='build', build_base='build', install_base='install', merge_install=False, symlink_install=False, test_result_base=None, continue_on_error=False, executor='parallel', parallel_workers=8, event_handlers=None, ignore_user_meta=False, metas=['./colcon.meta'], base_paths=['.'], packages_ignore=None, packages_ignore_regex=None, paths=None, packages_up_to=None, packages_up_to_regex=None, packages_above=None, packages_above_and_dependencies=None, packages_above_depth=None, packages_select_by_dep=None, packages_skip_by_dep=None, packages_skip_up_to=None, packages_select_build_failed=False, packages_skip_build_finished=False, packages_select_test_failures=False, packages_skip_test_passed=False, packages_select=None, packages_skip=None, packages_select_regex=None, packages_skip_regex=None, packages_start=None, packages_end=None, allow_overriding=[], cmake_args=None, cmake_target=None, cmake_target_skip_unavailable=False, cmake_clean_cache=False, cmake_clean_first=False, cmake_force_configure=False, ament_cmake_args=None, catkin_cmake_args=None, catkin_skip_building_tests=False, verb_parser=<colcon_defaults.argument_parser.defaults.DefaultArgumentsDecorator object at 0x7f6166bc5150>, verb_extension=<colcon_core.verb.build.BuildVerb object at 0x7f6166bc7730>, main=<bound method BuildVerb.main of <colcon_core.verb.build.BuildVerb object at 0x7f6166bc7730>>)
[16.164s] Level 1:colcon.colcon_core.package_discovery:discover_packages(colcon_meta) check parameters
[16.165s] Level 1:colcon.colcon_core.package_discovery:discover_packages(recursive) check parameters
[16.166s] Level 1:colcon.colcon_core.package_discovery:discover_packages(ignore) check parameters
[16.166s] Level 1:colcon.colcon_core.package_discovery:discover_packages(path) check parameters
[16.167s] Level 1:colcon.colcon_core.package_discovery:discover_packages(colcon_meta) discover
[16.167s] Level 1:colcon.colcon_core.package_discovery:discover_packages(recursive) discover
[16.168s] INFO:colcon.colcon_core.package_discovery:Crawling recursively for packages in '/home/drec0xy/Desktop/cap_stone_ws'
[16.169s] Level 1:colcon.colcon_core.package_identification:_identify(.) by extensions ['ignore', 'ignore_ament_install']
[16.170s] Level 1:colcon.colcon_core.package_identification:_identify(.) by extension 'ignore'
[16.171s] Level 1:colcon.colcon_core.package_identification:_identify(.) by extension 'ignore_ament_install'
[16.172s] Level 1:colcon.colcon_core.package_identification:_identify(.) by extensions ['colcon_pkg']
[16.172s] Level 1:colcon.colcon_core.package_identification:_identify(.) by extension 'colcon_pkg'
[16.173s] Level 1:colcon.colcon_core.package_identification:_identify(.) by extensions ['colcon_meta']
[16.173s] Level 1:colcon.colcon_core.package_identification:_identify(.) by extension 'colcon_meta'
[16.174s] Level 1:colcon.colcon_core.package_identification:_identify(.) by extensions ['ros']
[16.174s] Level 1:colcon.colcon_core.package_identification:_identify(.) by extension 'ros'
[16.297s] Level 1:colcon.colcon_core.package_identification:_identify(.) by extensions ['cmake', 'python']
[16.298s] Level 1:colcon.colcon_core.package_identification:_identify(.) by extension 'cmake'
[16.299s] Level 1:colcon.colcon_core.package_identification:_identify(.) by extension 'python'
[16.300s] Level 1:colcon.colcon_core.package_identification:_identify(.) by extensions ['python_setup_py']
[16.300s] Level 1:colcon.colcon_core.package_identification:_identify(.) by extension 'python_setup_py'
[16.302s] Level 1:colcon.colcon_core.package_identification:_identify(build) by extensions ['ignore', 'ignore_ament_install']
[16.303s] Level 1:colcon.colcon_core.package_identification:_identify(build) by extension 'ignore'
[16.304s] Level 1:colcon.colcon_core.package_identification:_identify(build) ignored
[16.305s] Level 1:colcon.colcon_core.package_identification:_identify(install) by extensions ['ignore', 'ignore_ament_install']
[16.306s] Level 1:colcon.colcon_core.package_identification:_identify(install) by extension 'ignore'
[16.307s] Level 1:colcon.colcon_core.package_identification:_identify(install) ignored
[16.307s] Level 1:colcon.colcon_core.package_identification:_identify(log) by extensions ['ignore', 'ignore_ament_install']
[16.309s] Level 1:colcon.colcon_core.package_identification:_identify(log) by extension 'ignore'
[16.309s] Level 1:colcon.colcon_core.package_identification:_identify(log) ignored
[16.310s] Level 1:colcon.colcon_core.package_identification:_identify(src) by extensions ['ignore', 'ignore_ament_install']
[16.312s] Level 1:colcon.colcon_core.package_identification:_identify(src) by extension 'ignore'
[16.312s] Level 1:colcon.colcon_core.package_identification:_identify(src) by extension 'ignore_ament_install'
[16.313s] Level 1:colcon.colcon_core.package_identification:_identify(src) by extensions ['colcon_pkg']
[16.313s] Level 1:colcon.colcon_core.package_identification:_identify(src) by extension 'colcon_pkg'
[16.314s] Level 1:colcon.colcon_core.package_identification:_identify(src) by extensions ['colcon_meta']
[16.315s] Level 1:colcon.colcon_core.package_identification:_identify(src) by extension 'colcon_meta'
[16.315s] Level 1:colcon.colcon_core.package_identification:_identify(src) by extensions ['ros']
[16.315s] Level 1:colcon.colcon_core.package_identification:_identify(src) by extension 'ros'
[16.316s] Level 1:colcon.colcon_core.package_identification:_identify(src) by extensions ['cmake', 'python']
[16.317s] Level 1:colcon.colcon_core.package_identification:_identify(src) by extension 'cmake'
[16.318s] Level 1:colcon.colcon_core.package_identification:_identify(src) by extension 'python'
[16.318s] Level 1:colcon.colcon_core.package_identification:_identify(src) by extensions ['python_setup_py']
[16.319s] Level 1:colcon.colcon_core.package_identification:_identify(src) by extension 'python_setup_py'
[16.320s] Level 1:colcon.colcon_core.package_identification:_identify(src/base_model) by extensions ['ignore', 'ignore_ament_install']
[16.321s] Level 1:colcon.colcon_core.package_identification:_identify(src/base_model) by extension 'ignore'
[16.321s] Level 1:colcon.colcon_core.package_identification:_identify(src/base_model) by extension 'ignore_ament_install'
[16.322s] Level 1:colcon.colcon_core.package_identification:_identify(src/base_model) by extensions ['colcon_pkg']
[16.322s] Level 1:colcon.colcon_core.package_identification:_identify(src/base_model) by extension 'colcon_pkg'
[16.323s] Level 1:colcon.colcon_core.package_identification:_identify(src/base_model) by extensions ['colcon_meta']
[16.323s] Level 1:colcon.colcon_core.package_identification:_identify(src/base_model) by extension 'colcon_meta'
[16.324s] Level 1:colcon.colcon_core.package_identification:_identify(src/base_model) by extensions ['ros']
[16.324s] Level 1:colcon.colcon_core.package_identification:_identify(src/base_model) by extension 'ros'
[16.351s] DEBUG:colcon.colcon_core.package_identification:Package 'src/base_model' with type 'ros.ament_python' and name 'base_model'
[16.352s] Level 1:colcon.colcon_core.package_discovery:discover_packages(recursive) using defaults
[16.353s] Level 1:colcon.colcon_core.package_discovery:discover_packages(ignore) discover
[16.353s] Level 1:colcon.colcon_core.package_discovery:discover_packages(ignore) using defaults
[16.353s] Level 1:colcon.colcon_core.package_discovery:discover_packages(path) discover
[16.354s] Level 1:colcon.colcon_core.package_discovery:discover_packages(path) using defaults
[17.768s] Level 1:colcon.colcon_core.package_discovery:discover_packages(prefix_path) check parameters
[17.768s] Level 1:colcon.colcon_core.package_discovery:discover_packages(prefix_path) discover
[18.200s] DEBUG:colcon.colcon_installed_package_information.package_discovery:Found 5 installed packages in /home/drec0xy/willa_bot/install
[18.417s] DEBUG:colcon.colcon_installed_package_information.package_discovery:Found 398 installed packages in /opt/ros/humble
[18.496s] Level 1:colcon.colcon_core.package_discovery:discover_packages(prefix_path) using defaults
[20.063s] Level 5:colcon.colcon_core.verb:set package 'base_model' build argument 'cmake_args' from command line to 'None'
[20.064s] Level 5:colcon.colcon_core.verb:set package 'base_model' build argument 'cmake_target' from command line to 'None'
[20.064s] Level 5:colcon.colcon_core.verb:set package 'base_model' build argument 'cmake_target_skip_unavailable' from command line to 'False'
[20.065s] Level 5:colcon.colcon_core.verb:set package 'base_model' build argument 'cmake_clean_cache' from command line to 'False'
[20.065s] Level 5:colcon.colcon_core.verb:set package 'base_model' build argument 'cmake_clean_first' from command line to 'False'
[20.065s] Level 5:colcon.colcon_core.verb:set package 'base_model' build argument 'cmake_force_configure' from command line to 'False'
[20.066s] Level 5:colcon.colcon_core.verb:set package 'base_model' build argument 'ament_cmake_args' from command line to 'None'
[20.066s] Level 5:colcon.colcon_core.verb:set package 'base_model' build argument 'catkin_cmake_args' from command line to 'None'
[20.066s] Level 5:colcon.colcon_core.verb:set package 'base_model' build argument 'catkin_skip_building_tests' from command line to 'False'
[20.067s] DEBUG:colcon.colcon_core.verb:Building package 'base_model' with the following arguments: {'ament_cmake_args': None, 'build_base': '/home/drec0xy/Desktop/cap_stone_ws/build/base_model', 'catkin_cmake_args': None, 'catkin_skip_building_tests': False, 'cmake_args': None, 'cmake_clean_cache': False, 'cmake_clean_first': False, 'cmake_force_configure': False, 'cmake_target': None, 'cmake_target_skip_unavailable': False, 'install_base': '/home/drec0xy/Desktop/cap_stone_ws/install/base_model', 'merge_install': False, 'path': '/home/drec0xy/Desktop/cap_stone_ws/src/base_model', 'symlink_install': False, 'test_result_base': None}
[20.283s] INFO:colcon.colcon_core.executor:Executing jobs using 'parallel' executor
[20.501s] DEBUG:colcon.colcon_parallel_executor.executor.parallel:run_until_complete
[20.503s] INFO:colcon.colcon_ros.task.ament_python.build:Building ROS package in '/home/drec0xy/Desktop/cap_stone_ws/src/base_model' with build type 'ament_python'
[20.505s] Level 1:colcon.colcon_core.shell:create_environment_hook('base_model', 'ament_prefix_path')
[20.772s] INFO:colcon.colcon_core.plugin_system:Skipping extension 'colcon_core.shell.bat': Not used on non-Windows systems
[20.775s] INFO:colcon.colcon_core.shell:Creating environment hook '/home/drec0xy/Desktop/cap_stone_ws/install/base_model/share/base_model/hook/ament_prefix_path.ps1'
[20.783s] INFO:colcon.colcon_core.shell:Creating environment descriptor '/home/drec0xy/Desktop/cap_stone_ws/install/base_model/share/base_model/hook/ament_prefix_path.dsv'
[20.788s] INFO:colcon.colcon_core.shell:Creating environment hook '/home/drec0xy/Desktop/cap_stone_ws/install/base_model/share/base_model/hook/ament_prefix_path.sh'
[21.070s] INFO:colcon.colcon_core.shell:Skip shell extension 'powershell' for command environment: Not usable outside of PowerShell
[21.071s] DEBUG:colcon.colcon_core.shell:Skip shell extension 'dsv' for command environment
[25.854s] INFO:colcon.colcon_core.task.python.build:Building Python package in '/home/drec0xy/Desktop/cap_stone_ws/src/base_model'
[26.084s] INFO:colcon.colcon_core.shell:Skip shell extension 'powershell' for command environment: Not usable outside of PowerShell
[26.085s] DEBUG:colcon.colcon_core.shell:Skip shell extension 'dsv' for command environment
[32.394s] DEBUG:colcon.colcon_core.event_handler.log_command:Invoking command in '/home/drec0xy/Desktop/cap_stone_ws/src/base_model': PYTHONPATH=/home/drec0xy/Desktop/cap_stone_ws/build/base_model/prefix_override:/home/drec0xy/Desktop/cap_stone_ws/install/base_model/lib/python3.10/site-packages:${PYTHONPATH} /usr/bin/python3 setup.py egg_info --egg-base ../../build/base_model build --build-base /home/drec0xy/Desktop/cap_stone_ws/build/base_model/build install --record /home/drec0xy/Desktop/cap_stone_ws/build/base_model/install.log --single-version-externally-managed
[37.361s] DEBUG:colcon.colcon_core.event_handler.log_command:Invoked command in '/home/drec0xy/Desktop/cap_stone_ws/src/base_model' returned '0': PYTHONPATH=/home/drec0xy/Desktop/cap_stone_ws/build/base_model/prefix_override:/home/drec0xy/Desktop/cap_stone_ws/install/base_model/lib/python3.10/site-packages:${PYTHONPATH} /usr/bin/python3 setup.py egg_info --egg-base ../../build/base_model build --build-base /home/drec0xy/Desktop/cap_stone_ws/build/base_model/build install --record /home/drec0xy/Desktop/cap_stone_ws/build/base_model/install.log --single-version-externally-managed
[37.641s] Level 1:colcon.colcon_core.environment:checking '/home/drec0xy/Desktop/cap_stone_ws/install/base_model' for CMake module files
[37.647s] Level 1:colcon.colcon_core.environment:checking '/home/drec0xy/Desktop/cap_stone_ws/install/base_model' for CMake config files
[37.656s] Level 1:colcon.colcon_core.environment:checking '/home/drec0xy/Desktop/cap_stone_ws/install/base_model/lib'
[37.658s] Level 1:colcon.colcon_core.environment:checking '/home/drec0xy/Desktop/cap_stone_ws/install/base_model/bin'
[37.659s] Level 1:colcon.colcon_core.environment:checking '/home/drec0xy/Desktop/cap_stone_ws/install/base_model/lib/pkgconfig/base_model.pc'
[37.662s] Level 1:colcon.colcon_core.environment:checking '/home/drec0xy/Desktop/cap_stone_ws/install/base_model/lib/python3.10/site-packages'
[37.663s] Level 1:colcon.colcon_core.shell:create_environment_hook('base_model', 'pythonpath')
[37.920s] INFO:colcon.colcon_core.shell:Creating environment hook '/home/drec0xy/Desktop/cap_stone_ws/install/base_model/share/base_model/hook/pythonpath.ps1'
[37.925s] INFO:colcon.colcon_core.shell:Creating environment descriptor '/home/drec0xy/Desktop/cap_stone_ws/install/base_model/share/base_model/hook/pythonpath.dsv'
[37.930s] INFO:colcon.colcon_core.shell:Creating environment hook '/home/drec0xy/Desktop/cap_stone_ws/install/base_model/share/base_model/hook/pythonpath.sh'
[37.937s] Level 1:colcon.colcon_core.environment:checking '/home/drec0xy/Desktop/cap_stone_ws/install/base_model/bin'
[37.938s] Level 1:colcon.colcon_core.environment:create_environment_scripts_only(base_model)
[38.174s] INFO:colcon.colcon_core.shell:Creating package script '/home/drec0xy/Desktop/cap_stone_ws/install/base_model/share/base_model/package.ps1'
[38.183s] INFO:colcon.colcon_core.shell:Creating package descriptor '/home/drec0xy/Desktop/cap_stone_ws/install/base_model/share/base_model/package.dsv'
[38.190s] INFO:colcon.colcon_core.shell:Creating package script '/home/drec0xy/Desktop/cap_stone_ws/install/base_model/share/base_model/package.sh'
[38.199s] INFO:colcon.colcon_core.shell:Creating package script '/home/drec0xy/Desktop/cap_stone_ws/install/base_model/share/base_model/package.bash'
[38.208s] INFO:colcon.colcon_core.shell:Creating package script '/home/drec0xy/Desktop/cap_stone_ws/install/base_model/share/base_model/package.zsh'
[38.215s] Level 1:colcon.colcon_core.environment:create_file_with_runtime_dependencies(/home/drec0xy/Desktop/cap_stone_ws/install/base_model/share/colcon-core/packages/base_model)
[38.219s] DEBUG:colcon.colcon_parallel_executor.executor.parallel:closing loop
[38.223s] DEBUG:colcon.colcon_parallel_executor.executor.parallel:loop closed
[38.224s] DEBUG:colcon.colcon_parallel_executor.executor.parallel:run_until_complete finished with '0'
[38.225s] DEBUG:colcon.colcon_core.event_reactor:joining thread
[38.525s] INFO:colcon.colcon_core.plugin_system:Skipping extension 'colcon_notification.desktop_notification.terminal_notifier': Not used on non-Darwin systems
[38.526s] INFO:colcon.colcon_core.plugin_system:Skipping extension 'colcon_notification.desktop_notification.win32': Not used on non-Windows systems
[38.527s] INFO:colcon.colcon_notification.desktop_notification:Sending desktop notification using 'notify2'
[38.633s] DEBUG:colcon.colcon_core.event_reactor:joined thread
[38.915s] INFO:colcon.colcon_core.shell:Creating prefix script '/home/drec0xy/Desktop/cap_stone_ws/install/local_setup.ps1'
[38.922s] INFO:colcon.colcon_core.shell:Creating prefix util module '/home/drec0xy/Desktop/cap_stone_ws/install/_local_setup_util_ps1.py'
[38.936s] INFO:colcon.colcon_core.shell:Creating prefix chain script '/home/drec0xy/Desktop/cap_stone_ws/install/setup.ps1'
[39.210s] INFO:colcon.colcon_core.shell:Creating prefix script '/home/drec0xy/Desktop/cap_stone_ws/install/local_setup.sh'
[39.218s] INFO:colcon.colcon_core.shell:Creating prefix util module '/home/drec0xy/Desktop/cap_stone_ws/install/_local_setup_util_sh.py'
[39.222s] INFO:colcon.colcon_core.shell:Creating prefix chain script '/home/drec0xy/Desktop/cap_stone_ws/install/setup.sh'
[39.491s] INFO:colcon.colcon_core.shell:Creating prefix script '/home/drec0xy/Desktop/cap_stone_ws/install/local_setup.bash'
[39.497s] INFO:colcon.colcon_core.shell:Creating prefix chain script '/home/drec0xy/Desktop/cap_stone_ws/install/setup.bash'
[39.757s] INFO:colcon.colcon_core.shell:Creating prefix script '/home/drec0xy/Desktop/cap_stone_ws/install/local_setup.zsh'
[39.763s] INFO:colcon.colcon_core.shell:Creating prefix chain script '/home/drec0xy/Desktop/cap_stone_ws/install/setup.zsh'
